#
# There is insufficient memory for the Java Runtime Environment to continue.
# Native memory allocation (malloc) failed to allocate 33554432 bytes for committing reserved memory.
# Possible reasons:
#   The system is out of physical RAM or swap space
#   In 32 bit mode, the process size limit was hit
# Possible solutions:
#   Reduce memory load on the system
#   Increase physical memory or swap space
#   Check if swap backing store is full
#   Use 64 bit Java on a 64 bit OS
#   Decrease Java heap size (-Xmx/-Xms)
#   Decrease number of Java threads
#   Decrease Java thread stack sizes (-Xss)
#   Set larger code cache with -XX:ReservedCodeCacheSize=
# This output file may be truncated or incomplete.
#
#  Out of Memory Error (os_linux.cpp:2809), pid=8132, tid=140673274156800
#
# JRE version: OpenJDK Runtime Environment (7.0_79-b14) (build 1.7.0_79-b14)
# Java VM: OpenJDK 64-Bit Server VM (24.79-b02 mixed mode linux-amd64 compressed oops)
# Derivative: IcedTea 2.5.6
# Distribution: Ubuntu 14.04 LTS, package 7u79-2.5.6-0ubuntu1.14.04.1
# Failed to write core dump. Core dumps have been disabled. To enable core dumping, try "ulimit -c unlimited" before starting Java again
#

---------------  T H R E A D  ---------------

Current thread (0x00007ff114071800):  VMThread [stack: 0x00007ff10c791000,0x00007ff10c892000] [id=8139]

Stack: [0x00007ff10c791000,0x00007ff10c892000],  sp=0x00007ff10c890490,  free space=1021k
Native frames: (J=compiled Java code, j=interpreted, Vv=VM code, C=native code)
V  [libjvm.so+0x94afd5]  VMError::report_and_die()+0x175
V  [libjvm.so+0x48b9f4]  report_vm_out_of_memory(char const*, int, unsigned long, char const*)+0x74
V  [libjvm.so+0x7c809b]  os::pd_commit_memory(char*, unsigned long, unsigned long, bool)+0xeb
V  [libjvm.so+0x7c2b3f]  os::commit_memory(char*, unsigned long, unsigned long, bool)+0x1f
V  [libjvm.so+0x83503b]  PSVirtualSpace::expand_by(unsigned long)+0x5b
V  [libjvm.so+0x835e90]  PSYoungGen::resize_generation(unsigned long, unsigned long)+0xb0
V  [libjvm.so+0x83657b]  PSYoungGen::resize(unsigned long, unsigned long)+0x1b
V  [libjvm.so+0x832860]  PSScavenge::invoke_no_policy()+0xde0
V  [libjvm.so+0x833038]  PSScavenge::invoke()+0x38
V  [libjvm.so+0x7e9723]  ParallelScavengeHeap::failed_mem_allocate(unsigned long)+0x63
V  [libjvm.so+0x94c9d4]  VM_ParallelGCFailedAllocation::doit()+0x84
V  [libjvm.so+0x950ed7]  VM_Operation::evaluate()+0x47
V  [libjvm.so+0x94f848]  VMThread::evaluate_operation(VM_Operation*)+0x318
V  [libjvm.so+0x94fca9]  VMThread::loop()+0x219
V  [libjvm.so+0x9500f2]  VMThread::run()+0x72
V  [libjvm.so+0x7c4f62]  java_start(Thread*)+0xf2

VM_Operation (0x00007ff11a741180): ParallelGCFailedAllocation, mode: safepoint, requested by thread 0x00007ff11400a800


---------------  P R O C E S S  ---------------

Java Threads: ( => current thread )
  0x00007ff1140ab000 JavaThread "Service Thread" daemon [_thread_blocked, id=8145, stack(0x00007ff10c18b000,0x00007ff10c28c000)]
  0x00007ff1140a9000 JavaThread "C2 CompilerThread1" daemon [_thread_in_native, id=8144, stack(0x00007ff10c28c000,0x00007ff10c38d000)]
  0x00007ff1140a6000 JavaThread "C2 CompilerThread0" daemon [_thread_blocked, id=8143, stack(0x00007ff10c38d000,0x00007ff10c48e000)]
  0x00007ff1140a4000 JavaThread "Signal Dispatcher" daemon [_thread_blocked, id=8142, stack(0x00007ff10c48e000,0x00007ff10c58f000)]
  0x00007ff114078000 JavaThread "Finalizer" daemon [_thread_blocked, id=8141, stack(0x00007ff10c58f000,0x00007ff10c690000)]
  0x00007ff114076000 JavaThread "Reference Handler" daemon [_thread_blocked, id=8140, stack(0x00007ff10c690000,0x00007ff10c791000)]
  0x00007ff11400a800 JavaThread "main" [_thread_blocked, id=8136, stack(0x00007ff11a642000,0x00007ff11a743000)]

Other Threads:
=>0x00007ff114071800 VMThread [stack: 0x00007ff10c791000,0x00007ff10c892000] [id=8139]
  0x00007ff1140b6000 WatcherThread [stack: 0x00007ff10c08a000,0x00007ff10c18b000] [id=8146]

VM state:at safepoint (normal execution)

VM Mutex/Monitor currently owned by a thread:  ([mutex/lock_event])
[0x00007ff114006eb0] Threads_lock - owner thread: 0x00007ff114071800
[0x00007ff1140073b0] Heap_lock - owner thread: 0x00007ff11400a800

Heap
 PSYoungGen      total 35328K, used 2532K [0x00000000eaa80000, 0x00000000ecf80000, 0x0000000100000000)
  eden space 32768K, 0% used [0x00000000eaa80000,0x00000000eaa80000,0x00000000eca80000)
  from space 2560K, 98% used [0x00000000eca80000,0x00000000eccf9118,0x00000000ecd00000)
  to   space 2560K, 0% used [0x00000000ecd00000,0x00000000ecd00000,0x00000000ecf80000)
 ParOldGen       total 41984K, used 10927K [0x00000000c0000000, 0x00000000c2900000, 0x00000000eaa80000)
  object space 41984K, 26% used [0x00000000c0000000,0x00000000c0aabf18,0x00000000c2900000)
 PSPermGen       total 21504K, used 7083K [0x00000000b5a00000, 0x00000000b6f00000, 0x00000000c0000000)
  object space 21504K, 32% used [0x00000000b5a00000,0x00000000b60eac68,0x00000000b6f00000)

Card table byte_map: [0x00007ff10ff28000,0x00007ff11017c000] byte_map_base: 0x00007ff10f97b000

Polling page: 0x00007ff11a765000

Code Cache  [0x00007ff11017c000, 0x00007ff1103ec000, 0x00007ff11317c000)
 total_blobs=586 nmethods=335 adapters=205 free_code_cache=48264Kb largest_free_block=49393472

Compilation events (10 events):
Event: 4,840 Thread 0x00007ff1140a9000 nmethod 331 0x00007ff11025d1d0 code [0x00007ff11025d340, 0x00007ff11025d588]
Event: 4,840 Thread 0x00007ff1140a9000  333             com.android.dx.io.instructions.DecodedInstruction::getOpcodeUnit (6 bytes)
Event: 4,841 Thread 0x00007ff1140a9000 nmethod 333 0x00007ff11025a810 code [0x00007ff11025a940, 0x00007ff11025a998]
Event: 5,004 Thread 0x00007ff1140a9000  334             com.android.dex.ClassData$Method::getMethodIndex (5 bytes)
Event: 5,017 Thread 0x00007ff1140a9000 nmethod 334 0x00007ff11025cfd0 code [0x00007ff11025d100, 0x00007ff11025d158]
Event: 5,017 Thread 0x00007ff1140a9000  335             com.android.dex.ClassData$Method::getAccessFlags (5 bytes)
Event: 5,018 Thread 0x00007ff1140a9000 nmethod 335 0x00007ff11025cdd0 code [0x00007ff11025cf00, 0x00007ff11025cf58]
Event: 5,055 Thread 0x00007ff1140a9000  336             com.android.dx.io.instructions.DecodedInstruction::getTarget (7 bytes)
Event: 5,058 Thread 0x00007ff1140a9000 nmethod 336 0x00007ff11025cbd0 code [0x00007ff11025cd00, 0x00007ff11025cd58]
Event: 5,079 Thread 0x00007ff1140a9000  337             com.android.dex.Dex::readCode (28 bytes)

GC Heap History (5 events):
Event: 1,638 GC heap before
{Heap before GC invocations=1 (full 0):
 PSYoungGen      total 18944K, used 16352K [0x00000000eaa80000, 0x00000000ebf80000, 0x0000000100000000)
  eden space 16384K, 99% used [0x00000000eaa80000,0x00000000eba78330,0x00000000eba80000)
  from space 2560K, 0% used [0x00000000ebd00000,0x00000000ebd00000,0x00000000ebf80000)
  to   space 2560K, 0% used [0x00000000eba80000,0x00000000eba80000,0x00000000ebd00000)
 ParOldGen       total 41984K, used 0K [0x00000000c0000000, 0x00000000c2900000, 0x00000000eaa80000)
  object space 41984K, 0% used [0x00000000c0000000,0x00000000c0000000,0x00000000c2900000)
 PSPermGen       total 21504K, used 5728K [0x00000000b5a00000, 0x00000000b6f00000, 0x00000000c0000000)
  object space 21504K, 26% used [0x00000000b5a00000,0x00000000b5f98178,0x00000000b6f00000)
Event: 1,665 GC heap after
Heap after GC invocations=1 (full 0):
 PSYoungGen      total 18944K, used 2549K [0x00000000eaa80000, 0x00000000ecf80000, 0x0000000100000000)
  eden space 16384K, 0% used [0x00000000eaa80000,0x00000000eaa80000,0x00000000eba80000)
  from space 2560K, 99% used [0x00000000eba80000,0x00000000ebcfd410,0x00000000ebd00000)
  to   space 2560K, 0% used [0x00000000ecd00000,0x00000000ecd00000,0x00000000ecf80000)
 ParOldGen       total 41984K, used 2355K [0x00000000c0000000, 0x00000000c2900000, 0x00000000eaa80000)
  object space 41984K, 5% used [0x00000000c0000000,0x00000000c024cda8,0x00000000c2900000)
 PSPermGen       total 21504K, used 5728K [0x00000000b5a00000, 0x00000000b6f00000, 0x00000000c0000000)
  object space 21504K, 26% used [0x00000000b5a00000,0x00000000b5f98178,0x00000000b6f00000)
}
Event: 3,684 GC heap before
{Heap before GC invocations=2 (full 0):
 PSYoungGen      total 18944K, used 18933K [0x00000000eaa80000, 0x00000000ecf80000, 0x0000000100000000)
  eden space 16384K, 100% used [0x00000000eaa80000,0x00000000eba80000,0x00000000eba80000)
  from space 2560K, 99% used [0x00000000eba80000,0x00000000ebcfd410,0x00000000ebd00000)
  to   space 2560K, 0% used [0x00000000ecd00000,0x00000000ecd00000,0x00000000ecf80000)
 ParOldGen       total 41984K, used 2355K [0x00000000c0000000, 0x00000000c2900000, 0x00000000eaa80000)
  object space 41984K, 5% used [0x00000000c0000000,0x00000000c024cda8,0x00000000c2900000)
 PSPermGen       total 21504K, used 7023K [0x00000000b5a00000, 0x00000000b6f00000, 0x00000000c0000000)
  object space 21504K, 32% used [0x00000000b5a00000,0x00000000b60dbe68,0x00000000b6f00000)
Event: 3,715 GC heap after
Heap after GC invocations=2 (full 0):
 PSYoungGen      total 35328K, used 2548K [0x00000000eaa80000, 0x00000000ecf80000, 0x0000000100000000)
  eden space 32768K, 0% used [0x00000000eaa80000,0x00000000eaa80000,0x00000000eca80000)
  from space 2560K, 99% used [0x00000000ecd00000,0x00000000ecf7d128,0x00000000ecf80000)
  to   space 2560K, 0% used [0x00000000eca80000,0x00000000eca80000,0x00000000ecd00000)
 ParOldGen       total 41984K, used 6298K [0x00000000c0000000, 0x00000000c2900000, 0x00000000eaa80000)
  object space 41984K, 15% used [0x00000000c0000000,0x00000000c0626a50,0x00000000c2900000)
 PSPermGen       total 21504K, used 7023K [0x00000000b5a00000, 0x00000000b6f00000, 0x00000000c0000000)
  object space 21504K, 32% used [0x00000000b5a00000,0x00000000b60dbe68,0x00000000b6f00000)
}
Event: 5,466 GC heap before
{Heap before GC invocations=3 (full 0):
 PSYoungGen      total 35328K, used 35316K [0x00000000eaa80000, 0x00000000ecf80000, 0x0000000100000000)
  eden space 32768K, 100% used [0x00000000eaa80000,0x00000000eca80000,0x00000000eca80000)
  from space 2560K, 99% used [0x00000000ecd00000,0x00000000ecf7d128,0x00000000ecf80000)
  to   space 2560K, 0% used [0x00000000eca80000,0x00000000eca80000,0x00000000ecd00000)
 ParOldGen       total 41984K, used 6298K [0x00000000c0000000, 0x00000000c2900000, 0x00000000eaa80000)
  object space 41984K, 15% used [0x00000000c0000000,0x00000000c0626a50,0x00000000c2900000)
 PSPermGen       total 21504K, used 7083K [0x00000000b5a00000, 0x00000000b6f00000, 0x00000000c0000000)
  object space 21504K, 32% used [0x00000000b5a00000,0x00000000b60eac68,0x00000000b6f00000)

Deoptimization events (1 events):
Event: 3,241 Thread 0x00007ff11400a800 Uncommon trap: reason=predicate action=maybe_recompile pc=0x00007ff110214318 method=com.android.dex.Leb128.readUnsignedLeb128(Lcom/android/dex/util/ByteInput;)I @ 41

Internal exceptions (10 events):
Event: 2,405 Thread 0x00007ff11400a800 Threw 0x00000000eb2dc730 at /build/openjdk-7-FO0dNI/openjdk-7-7u79-2.5.6/build/openjdk/hotspot/src/share/vm/prims/jvm.cpp:1284
Event: 2,406 Thread 0x00007ff11400a800 Threw 0x00000000eb2e03e0 at /build/openjdk-7-FO0dNI/openjdk-7-7u79-2.5.6/build/openjdk/hotspot/src/share/vm/prims/jvm.cpp:1284
Event: 2,407 Thread 0x00007ff11400a800 Threw 0x00000000eb2e41e0 at /build/openjdk-7-FO0dNI/openjdk-7-7u79-2.5.6/build/openjdk/hotspot/src/share/vm/prims/jvm.cpp:1284
Event: 2,412 Thread 0x00007ff11400a800 Threw 0x00000000eb2ea1e0 at /build/openjdk-7-FO0dNI/openjdk-7-7u79-2.5.6/build/openjdk/hotspot/src/share/vm/prims/jvm.cpp:1284
Event: 2,414 Thread 0x00007ff11400a800 Threw 0x00000000eb2edd28 at /build/openjdk-7-FO0dNI/openjdk-7-7u79-2.5.6/build/openjdk/hotspot/src/share/vm/prims/jvm.cpp:1284
Event: 2,416 Thread 0x00007ff11400a800 Threw 0x00000000eb2f1a68 at /build/openjdk-7-FO0dNI/openjdk-7-7u79-2.5.6/build/openjdk/hotspot/src/share/vm/prims/jvm.cpp:1284
Event: 2,417 Thread 0x00007ff11400a800 Threw 0x00000000eb2f54f8 at /build/openjdk-7-FO0dNI/openjdk-7-7u79-2.5.6/build/openjdk/hotspot/src/share/vm/prims/jvm.cpp:1284
Event: 2,427 Thread 0x00007ff11400a800 Threw 0x00000000eb2fccd8 at /build/openjdk-7-FO0dNI/openjdk-7-7u79-2.5.6/build/openjdk/hotspot/src/share/vm/prims/jvm.cpp:1284
Event: 2,437 Thread 0x00007ff11400a800 Threw 0x00000000eb2ff8b0 at /build/openjdk-7-FO0dNI/openjdk-7-7u79-2.5.6/build/openjdk/hotspot/src/share/vm/prims/jvm.cpp:1284
Event: 4,384 Thread 0x00007ff11400a800 Threw 0x00000000eb17be40 at /build/openjdk-7-FO0dNI/openjdk-7-7u79-2.5.6/build/openjdk/hotspot/src/share/vm/prims/jvm.cpp:1284

Events (10 events):
Event: 3,240 Thread 0x00007ff11400a800 Uncommon trap: trap_request=0xffffff86 fr.pc=0x00007ff110214318
Event: 3,241 Thread 0x00007ff11400a800 DEOPT PACKING pc=0x00007ff110214318 sp=0x00007ff11a7411c0
Event: 3,243 Thread 0x00007ff11400a800 DEOPT UNPACKING pc=0x00007ff1101b5045 sp=0x00007ff11a741188 mode 2
Event: 3,682 Executing VM operation: ParallelGCFailedAllocation
Event: 3,716 Executing VM operation: ParallelGCFailedAllocation done
Event: 4,318 Executing VM operation: EnableBiasedLocking
Event: 4,322 Executing VM operation: EnableBiasedLocking done
Event: 4,380 loading class 0x00007ff11419f5d0
Event: 4,381 loading class 0x00007ff11419f5d0 done
Event: 5,458 Executing VM operation: ParallelGCFailedAllocation


Dynamic libraries:
00400000-00401000 r-xp 00000000 08:02 1064467                            /usr/lib/jvm/java-7-openjdk-amd64/jre/bin/java
00600000-00601000 r--p 00000000 08:02 1064467                            /usr/lib/jvm/java-7-openjdk-amd64/jre/bin/java
00601000-00602000 rw-p 00001000 08:02 1064467                            /usr/lib/jvm/java-7-openjdk-amd64/jre/bin/java
014fb000-0153e000 rw-p 00000000 00:00 0                                  [heap]
b5a00000-b6f00000 rw-p 00000000 00:00 0 
b6f00000-c0000000 rw-p 00000000 00:00 0 
c0000000-c2900000 rw-p 00000000 00:00 0 
c2900000-eaa80000 rw-p 00000000 00:00 0 
eaa80000-ecf80000 rw-p 00000000 00:00 0 
eef80000-100000000 rw-p 00000000 00:00 0 
7ff0d0000000-7ff0d0024000 rw-p 00000000 00:00 0 
7ff0d0024000-7ff0d4000000 ---p 00000000 00:00 0 
7ff0d4000000-7ff0d4033000 rw-p 00000000 00:00 0 
7ff0d4033000-7ff0d8000000 ---p 00000000 00:00 0 
7ff0d8000000-7ff0d8022000 rw-p 00000000 00:00 0 
7ff0d8022000-7ff0dc000000 ---p 00000000 00:00 0 
7ff0dc000000-7ff0dc021000 rw-p 00000000 00:00 0 
7ff0dc021000-7ff0e0000000 ---p 00000000 00:00 0 
7ff0e0000000-7ff0e0021000 rw-p 00000000 00:00 0 
7ff0e0021000-7ff0e4000000 ---p 00000000 00:00 0 
7ff0e4000000-7ff0e4021000 rw-p 00000000 00:00 0 
7ff0e4021000-7ff0e8000000 ---p 00000000 00:00 0 
7ff0e8000000-7ff0e8706000 rw-p 00000000 00:00 0 
7ff0e8706000-7ff0ec000000 ---p 00000000 00:00 0 
7ff0ec000000-7ff0ec61b000 rw-p 00000000 00:00 0 
7ff0ec61b000-7ff0f0000000 ---p 00000000 00:00 0 
7ff0f0000000-7ff0f0021000 rw-p 00000000 00:00 0 
7ff0f0021000-7ff0f4000000 ---p 00000000 00:00 0 
7ff0f5b8d000-7ff0f5bca000 r-xp 00000000 08:02 1836644                    /lib/x86_64-linux-gnu/libpcre.so.3.13.1
7ff0f5bca000-7ff0f5dc9000 ---p 0003d000 08:02 1836644                    /lib/x86_64-linux-gnu/libpcre.so.3.13.1
7ff0f5dc9000-7ff0f5dca000 r--p 0003c000 08:02 1836644                    /lib/x86_64-linux-gnu/libpcre.so.3.13.1
7ff0f5dca000-7ff0f5dcb000 rw-p 0003d000 08:02 1836644                    /lib/x86_64-linux-gnu/libpcre.so.3.13.1
7ff0f5dcb000-7ff0f5dd2000 r-xp 00000000 08:02 1054333                    /usr/lib/x86_64-linux-gnu/libffi.so.6.0.1
7ff0f5dd2000-7ff0f5fd1000 ---p 00007000 08:02 1054333                    /usr/lib/x86_64-linux-gnu/libffi.so.6.0.1
7ff0f5fd1000-7ff0f5fd2000 r--p 00006000 08:02 1054333                    /usr/lib/x86_64-linux-gnu/libffi.so.6.0.1
7ff0f5fd2000-7ff0f5fd3000 rw-p 00007000 08:02 1054333                    /usr/lib/x86_64-linux-gnu/libffi.so.6.0.1
7ff0f5fd3000-7ff0f5fea000 r-xp 00000000 08:02 1836395                    /lib/x86_64-linux-gnu/libresolv-2.19.so
7ff0f5fea000-7ff0f61ea000 ---p 00017000 08:02 1836395                    /lib/x86_64-linux-gnu/libresolv-2.19.so
7ff0f61ea000-7ff0f61eb000 r--p 00017000 08:02 1836395                    /lib/x86_64-linux-gnu/libresolv-2.19.so
7ff0f61eb000-7ff0f61ec000 rw-p 00018000 08:02 1836395                    /lib/x86_64-linux-gnu/libresolv-2.19.so
7ff0f61ec000-7ff0f61ee000 rw-p 00000000 00:00 0 
7ff0f61ee000-7ff0f620e000 r-xp 00000000 08:02 1854082                    /lib/x86_64-linux-gnu/libselinux.so.1
7ff0f620e000-7ff0f640d000 ---p 00020000 08:02 1854082                    /lib/x86_64-linux-gnu/libselinux.so.1
7ff0f640d000-7ff0f640e000 r--p 0001f000 08:02 1854082                    /lib/x86_64-linux-gnu/libselinux.so.1
7ff0f640e000-7ff0f640f000 rw-p 00020000 08:02 1854082                    /lib/x86_64-linux-gnu/libselinux.so.1
7ff0f640f000-7ff0f6411000 rw-p 00000000 00:00 0 
7ff0f6411000-7ff0f6414000 r-xp 00000000 08:02 1055405                    /usr/lib/x86_64-linux-gnu/libgmodule-2.0.so.0.4002.0
7ff0f6414000-7ff0f6613000 ---p 00003000 08:02 1055405                    /usr/lib/x86_64-linux-gnu/libgmodule-2.0.so.0.4002.0
7ff0f6613000-7ff0f6614000 r--p 00002000 08:02 1055405                    /usr/lib/x86_64-linux-gnu/libgmodule-2.0.so.0.4002.0
7ff0f6614000-7ff0f6615000 rw-p 00003000 08:02 1055405                    /usr/lib/x86_64-linux-gnu/libgmodule-2.0.so.0.4002.0
7ff0f6615000-7ff0f671b000 r-xp 00000000 08:02 1836251                    /lib/x86_64-linux-gnu/libglib-2.0.so.0.4002.0
7ff0f671b000-7ff0f691a000 ---p 00106000 08:02 1836251                    /lib/x86_64-linux-gnu/libglib-2.0.so.0.4002.0
7ff0f691a000-7ff0f691b000 r--p 00105000 08:02 1836251                    /lib/x86_64-linux-gnu/libglib-2.0.so.0.4002.0
7ff0f691b000-7ff0f691c000 rw-p 00106000 08:02 1836251                    /lib/x86_64-linux-gnu/libglib-2.0.so.0.4002.0
7ff0f691c000-7ff0f691d000 rw-p 00000000 00:00 0 
7ff0f691d000-7ff0f696c000 r-xp 00000000 08:02 1055407                    /usr/lib/x86_64-linux-gnu/libgobject-2.0.so.0.4002.0
7ff0f696c000-7ff0f6b6c000 ---p 0004f000 08:02 1055407                    /usr/lib/x86_64-linux-gnu/libgobject-2.0.so.0.4002.0
7ff0f6b6c000-7ff0f6b6d000 r--p 0004f000 08:02 1055407                    /usr/lib/x86_64-linux-gnu/libgobject-2.0.so.0.4002.0
7ff0f6b6d000-7ff0f6b6e000 rw-p 00050000 08:02 1055407                    /usr/lib/x86_64-linux-gnu/libgobject-2.0.so.0.4002.0
7ff0f6b6e000-7ff0f6cda000 r-xp 00000000 08:02 1055830                    /usr/lib/x86_64-linux-gnu/libgio-2.0.so.0.4002.0
7ff0f6cda000-7ff0f6ed9000 ---p 0016c000 08:02 1055830                    /usr/lib/x86_64-linux-gnu/libgio-2.0.so.0.4002.0
7ff0f6ed9000-7ff0f6edd000 r--p 0016b000 08:02 1055830                    /usr/lib/x86_64-linux-gnu/libgio-2.0.so.0.4002.0
7ff0f6edd000-7ff0f6edf000 rw-p 0016f000 08:02 1055830                    /usr/lib/x86_64-linux-gnu/libgio-2.0.so.0.4002.0
7ff0f6edf000-7ff0f6ee1000 rw-p 00000000 00:00 0 
7ff0f6ee1000-7ff0f6ef8000 r-xp 00000000 08:02 1064406                    /usr/lib/jvm/java-7-openjdk-amd64/jre/lib/amd64/libnet.so
7ff0f6ef8000-7ff0f70f7000 ---p 00017000 08:02 1064406                    /usr/lib/jvm/java-7-openjdk-amd64/jre/lib/amd64/libnet.so
7ff0f70f7000-7ff0f70f8000 r--p 00016000 08:02 1064406                    /usr/lib/jvm/java-7-openjdk-amd64/jre/lib/amd64/libnet.so
7ff0f70f8000-7ff0f70f9000 rw-p 00017000 08:02 1064406                    /usr/lib/jvm/java-7-openjdk-amd64/jre/lib/amd64/libnet.so
7ff0f70f9000-7ff0f7109000 r-xp 00000000 08:02 1064411                    /usr/lib/jvm/java-7-openjdk-amd64/jre/lib/amd64/libnio.so
7ff0f7109000-7ff0f7309000 ---p 00010000 08:02 1064411                    /usr/lib/jvm/java-7-openjdk-amd64/jre/lib/amd64/libnio.so
7ff0f7309000-7ff0f730a000 r--p 00010000 08:02 1064411                    /usr/lib/jvm/java-7-openjdk-amd64/jre/lib/amd64/libnio.so
7ff0f730a000-7ff0f730b000 rw-p 00011000 08:02 1064411                    /usr/lib/jvm/java-7-openjdk-amd64/jre/lib/amd64/libnio.so
7ff0f730b000-7ff0f730e000 ---p 00000000 00:00 0 
7ff0f730e000-7ff0f740c000 rw-p 00000000 00:00 0 
7ff0f740c000-7ff0f740f000 ---p 00000000 00:00 0 
7ff0f740f000-7ff0f750d000 rw-p 00000000 00:00 0 
7ff0f750d000-7ff0f7510000 ---p 00000000 00:00 0 
7ff0f7510000-7ff0f760e000 rw-p 00000000 00:00 0 
7ff0f760e000-7ff0f7611000 ---p 00000000 00:00 0 
7ff0f7611000-7ff0f770f000 rw-p 00000000 00:00 0 
7ff0f770f000-7ff0f7712000 ---p 00000000 00:00 0 
7ff0f7712000-7ff0f7810000 rw-p 00000000 00:00 0 
7ff0f7810000-7ff0f8000000 r--p 00000000 08:02 1051158                    /usr/lib/locale/locale-archive
7ff0f8000000-7ff0f8021000 rw-p 00000000 00:00 0 
7ff0f8021000-7ff0fc000000 ---p 00000000 00:00 0 
7ff0fc000000-7ff0fc021000 rw-p 00000000 00:00 0 
7ff0fc021000-7ff100000000 ---p 00000000 00:00 0 
7ff100000000-7ff100021000 rw-p 00000000 00:00 0 
7ff100021000-7ff104000000 ---p 00000000 00:00 0 
7ff104000000-7ff104249000 rw-p 00000000 00:00 0 
7ff104249000-7ff108000000 ---p 00000000 00:00 0 
7ff108000000-7ff108021000 rw-p 00000000 00:00 0 
7ff108021000-7ff10c000000 ---p 00000000 00:00 0 
7ff10c08a000-7ff10c08b000 ---p 00000000 00:00 0 
7ff10c08b000-7ff10c18b000 rw-p 00000000 00:00 0                          [stack:8146]
7ff10c18b000-7ff10c18e000 ---p 00000000 00:00 0 
7ff10c18e000-7ff10c28c000 rw-p 00000000 00:00 0                          [stack:8145]
7ff10c28c000-7ff10c28f000 ---p 00000000 00:00 0 
7ff10c28f000-7ff10c38d000 rw-p 00000000 00:00 0                          [stack:8144]
7ff10c38d000-7ff10c390000 ---p 00000000 00:00 0 
7ff10c390000-7ff10c48e000 rw-p 00000000 00:00 0                          [stack:8143]
7ff10c48e000-7ff10c491000 ---p 00000000 00:00 0 
7ff10c491000-7ff10c58f000 rw-p 00000000 00:00 0                          [stack:8142]
7ff10c58f000-7ff10c592000 ---p 00000000 00:00 0 
7ff10c592000-7ff10c690000 rw-p 00000000 00:00 0                          [stack:8141]
7ff10c690000-7ff10c693000 ---p 00000000 00:00 0 
7ff10c693000-7ff10c791000 rw-p 00000000 00:00 0                          [stack:8140]
7ff10c791000-7ff10c792000 ---p 00000000 00:00 0 
7ff10c792000-7ff10d226000 rw-p 00000000 00:00 0                          [stack:8139]
7ff10d226000-7ff10d3d7000 r--s 01d29000 08:02 1054636                    /usr/lib/jvm/java-7-openjdk-amd64/jre/lib/rt.jar
7ff10d3d7000-7ff10fbd0000 rw-p 00000000 00:00 0 
7ff10fbd0000-7ff10fbd1000 ---p 00000000 00:00 0 
7ff10fbd1000-7ff10fcd1000 rw-p 00000000 00:00 0                          [stack:8138]
7ff10fcd1000-7ff10fcd2000 ---p 00000000 00:00 0 
7ff10fcd2000-7ff10fde7000 rw-p 00000000 00:00 0                          [stack:8137]
7ff10fde7000-7ff10ff28000 rw-p 00000000 00:00 0 
7ff10ff28000-7ff10ff33000 rw-p 00000000 00:00 0 
7ff10ff33000-7ff10ff7b000 rw-p 00000000 00:00 0 
7ff10ff7b000-7ff10ff90000 rw-p 00000000 00:00 0 
7ff10ff90000-7ff1100d0000 rw-p 00000000 00:00 0 
7ff1100d0000-7ff1100e3000 rw-p 00000000 00:00 0 
7ff1100e3000-7ff11017b000 rw-p 00000000 00:00 0 
7ff11017b000-7ff11017c000 rw-p 00000000 00:00 0 
7ff11017c000-7ff1103ec000 rwxp 00000000 00:00 0 
7ff1103ec000-7ff11317c000 rw-p 00000000 00:00 0 
7ff11317c000-7ff113184000 r-xp 00000000 08:02 1056354                    /usr/lib/jvm/java-7-openjdk-amd64/jre/lib/amd64/libzip.so
7ff113184000-7ff113383000 ---p 00008000 08:02 1056354                    /usr/lib/jvm/java-7-openjdk-amd64/jre/lib/amd64/libzip.so
7ff113383000-7ff113384000 r--p 00007000 08:02 1056354                    /usr/lib/jvm/java-7-openjdk-amd64/jre/lib/amd64/libzip.so
7ff113384000-7ff113385000 rw-p 00008000 08:02 1056354                    /usr/lib/jvm/java-7-openjdk-amd64/jre/lib/amd64/libzip.so
7ff113385000-7ff113390000 r-xp 00000000 08:02 1836437                    /lib/x86_64-linux-gnu/libnss_files-2.19.so
7ff113390000-7ff11358f000 ---p 0000b000 08:02 1836437                    /lib/x86_64-linux-gnu/libnss_files-2.19.so
7ff11358f000-7ff113590000 r--p 0000a000 08:02 1836437                    /lib/x86_64-linux-gnu/libnss_files-2.19.so
7ff113590000-7ff113591000 rw-p 0000b000 08:02 1836437                    /lib/x86_64-linux-gnu/libnss_files-2.19.so
7ff113591000-7ff11359c000 r-xp 00000000 08:02 1836874                    /lib/x86_64-linux-gnu/libnss_nis-2.19.so
7ff11359c000-7ff11379b000 ---p 0000b000 08:02 1836874                    /lib/x86_64-linux-gnu/libnss_nis-2.19.so
7ff11379b000-7ff11379c000 r--p 0000a000 08:02 1836874                    /lib/x86_64-linux-gnu/libnss_nis-2.19.so
7ff11379c000-7ff11379d000 rw-p 0000b000 08:02 1836874                    /lib/x86_64-linux-gnu/libnss_nis-2.19.so
7ff11379d000-7ff1137b4000 r-xp 00000000 08:02 1836667                    /lib/x86_64-linux-gnu/libnsl-2.19.so
7ff1137b4000-7ff1139b3000 ---p 00017000 08:02 1836667                    /lib/x86_64-linux-gnu/libnsl-2.19.so
7ff1139b3000-7ff1139b4000 r--p 00016000 08:02 1836667                    /lib/x86_64-linux-gnu/libnsl-2.19.so
7ff1139b4000-7ff1139b5000 rw-p 00017000 08:02 1836667                    /lib/x86_64-linux-gnu/libnsl-2.19.so
7ff1139b5000-7ff1139b7000 rw-p 00000000 00:00 0 
7ff1139b7000-7ff1139c0000 r-xp 00000000 08:02 1836616                    /lib/x86_64-linux-gnu/libnss_compat-2.19.so
7ff1139c0000-7ff113bbf000 ---p 00009000 08:02 1836616                    /lib/x86_64-linux-gnu/libnss_compat-2.19.so
7ff113bbf000-7ff113bc0000 r--p 00008000 08:02 1836616                    /lib/x86_64-linux-gnu/libnss_compat-2.19.so
7ff113bc0000-7ff113bc1000 rw-p 00009000 08:02 1836616                    /lib/x86_64-linux-gnu/libnss_compat-2.19.so
7ff113bc1000-7ff113bec000 r-xp 00000000 08:02 1064414                    /usr/lib/jvm/java-7-openjdk-amd64/jre/lib/amd64/libjava.so
7ff113bec000-7ff113deb000 ---p 0002b000 08:02 1064414                    /usr/lib/jvm/java-7-openjdk-amd64/jre/lib/amd64/libjava.so
7ff113deb000-7ff113dec000 r--p 0002a000 08:02 1064414                    /usr/lib/jvm/java-7-openjdk-amd64/jre/lib/amd64/libjava.so
7ff113dec000-7ff113dee000 rw-p 0002b000 08:02 1064414                    /usr/lib/jvm/java-7-openjdk-amd64/jre/lib/amd64/libjava.so
7ff113dee000-7ff113dfe000 r-xp 00000000 08:02 1064396                    /usr/lib/jvm/java-7-openjdk-amd64/jre/lib/amd64/libverify.so
7ff113dfe000-7ff113ffd000 ---p 00010000 08:02 1064396                    /usr/lib/jvm/java-7-openjdk-amd64/jre/lib/amd64/libverify.so
7ff113ffd000-7ff113fff000 r--p 0000f000 08:02 1064396                    /usr/lib/jvm/java-7-openjdk-amd64/jre/lib/amd64/libverify.so
7ff113fff000-7ff114000000 rw-p 00011000 08:02 1064396                    /usr/lib/jvm/java-7-openjdk-amd64/jre/lib/amd64/libverify.so
7ff114000000-7ff114221000 rw-p 00000000 00:00 0 
7ff114221000-7ff118000000 ---p 00000000 00:00 0 
7ff118001000-7ff118006000 r--s 0004d000 08:02 1055919                    /usr/lib/jvm/java-7-openjdk-amd64/jre/lib/jsse.jar
7ff118006000-7ff118015000 r--s 000df000 08:02 1059679                    /usr/bin/android-sdk-linux/build-tools/23.0.1/lib/dx.jar
7ff118015000-7ff1180c4000 rw-p 00000000 00:00 0 
7ff1180c4000-7ff11810c000 rw-p 00000000 00:00 0 
7ff11810c000-7ff118113000 r-xp 00000000 08:02 1836762                    /lib/x86_64-linux-gnu/librt-2.19.so
7ff118113000-7ff118312000 ---p 00007000 08:02 1836762                    /lib/x86_64-linux-gnu/librt-2.19.so
7ff118312000-7ff118313000 r--p 00006000 08:02 1836762                    /lib/x86_64-linux-gnu/librt-2.19.so
7ff118313000-7ff118314000 rw-p 00007000 08:02 1836762                    /lib/x86_64-linux-gnu/librt-2.19.so
7ff118314000-7ff11832a000 r-xp 00000000 08:02 1835568                    /lib/x86_64-linux-gnu/libgcc_s.so.1
7ff11832a000-7ff118529000 ---p 00016000 08:02 1835568                    /lib/x86_64-linux-gnu/libgcc_s.so.1
7ff118529000-7ff11852a000 rw-p 00015000 08:02 1835568                    /lib/x86_64-linux-gnu/libgcc_s.so.1
7ff11852a000-7ff11862f000 r-xp 00000000 08:02 1836409                    /lib/x86_64-linux-gnu/libm-2.19.so
7ff11862f000-7ff11882e000 ---p 00105000 08:02 1836409                    /lib/x86_64-linux-gnu/libm-2.19.so
7ff11882e000-7ff11882f000 r--p 00104000 08:02 1836409                    /lib/x86_64-linux-gnu/libm-2.19.so
7ff11882f000-7ff118830000 rw-p 00105000 08:02 1836409                    /lib/x86_64-linux-gnu/libm-2.19.so
7ff118830000-7ff118916000 r-xp 00000000 08:02 1056176                    /usr/lib/x86_64-linux-gnu/libstdc++.so.6.0.19
7ff118916000-7ff118b15000 ---p 000e6000 08:02 1056176                    /usr/lib/x86_64-linux-gnu/libstdc++.so.6.0.19
7ff118b15000-7ff118b1d000 r--p 000e5000 08:02 1056176                    /usr/lib/x86_64-linux-gnu/libstdc++.so.6.0.19
7ff118b1d000-7ff118b1f000 rw-p 000ed000 08:02 1056176                    /usr/lib/x86_64-linux-gnu/libstdc++.so.6.0.19
7ff118b1f000-7ff118b34000 rw-p 00000000 00:00 0 
7ff118b34000-7ff11964d000 r-xp 00000000 08:02 1064384                    /usr/lib/jvm/java-7-openjdk-amd64/jre/lib/amd64/server/libjvm.so
7ff11964d000-7ff11984d000 ---p 00b19000 08:02 1064384                    /usr/lib/jvm/java-7-openjdk-amd64/jre/lib/amd64/server/libjvm.so
7ff11984d000-7ff1198e7000 r--p 00b19000 08:02 1064384                    /usr/lib/jvm/java-7-openjdk-amd64/jre/lib/amd64/server/libjvm.so
7ff1198e7000-7ff11990a000 rw-p 00bb3000 08:02 1064384                    /usr/lib/jvm/java-7-openjdk-amd64/jre/lib/amd64/server/libjvm.so
7ff11990a000-7ff119938000 rw-p 00000000 00:00 0 
7ff119938000-7ff119950000 r-xp 00000000 08:02 1839205                    /lib/x86_64-linux-gnu/libz.so.1.2.8
7ff119950000-7ff119b4f000 ---p 00018000 08:02 1839205                    /lib/x86_64-linux-gnu/libz.so.1.2.8
7ff119b4f000-7ff119b50000 r--p 00017000 08:02 1839205                    /lib/x86_64-linux-gnu/libz.so.1.2.8
7ff119b50000-7ff119b51000 rw-p 00018000 08:02 1839205                    /lib/x86_64-linux-gnu/libz.so.1.2.8
7ff119b51000-7ff119b6a000 r-xp 00000000 08:02 1836748                    /lib/x86_64-linux-gnu/libpthread-2.19.so
7ff119b6a000-7ff119d69000 ---p 00019000 08:02 1836748                    /lib/x86_64-linux-gnu/libpthread-2.19.so
7ff119d69000-7ff119d6a000 r--p 00018000 08:02 1836748                    /lib/x86_64-linux-gnu/libpthread-2.19.so
7ff119d6a000-7ff119d6b000 rw-p 00019000 08:02 1836748                    /lib/x86_64-linux-gnu/libpthread-2.19.so
7ff119d6b000-7ff119d6f000 rw-p 00000000 00:00 0 
7ff119d6f000-7ff119d72000 r-xp 00000000 08:02 1836494                    /lib/x86_64-linux-gnu/libdl-2.19.so
7ff119d72000-7ff119f71000 ---p 00003000 08:02 1836494                    /lib/x86_64-linux-gnu/libdl-2.19.so
7ff119f71000-7ff119f72000 r--p 00002000 08:02 1836494                    /lib/x86_64-linux-gnu/libdl-2.19.so
7ff119f72000-7ff119f73000 rw-p 00003000 08:02 1836494                    /lib/x86_64-linux-gnu/libdl-2.19.so
7ff119f73000-7ff11a12e000 r-xp 00000000 08:02 1836721                    /lib/x86_64-linux-gnu/libc-2.19.so
7ff11a12e000-7ff11a32d000 ---p 001bb000 08:02 1836721                    /lib/x86_64-linux-gnu/libc-2.19.so
7ff11a32d000-7ff11a331000 r--p 001ba000 08:02 1836721                    /lib/x86_64-linux-gnu/libc-2.19.so
7ff11a331000-7ff11a333000 rw-p 001be000 08:02 1836721                    /lib/x86_64-linux-gnu/libc-2.19.so
7ff11a333000-7ff11a338000 rw-p 00000000 00:00 0 
7ff11a338000-7ff11a345000 r-xp 00000000 08:02 1064382                    /usr/lib/jvm/java-7-openjdk-amd64/jre/lib/amd64/jli/libjli.so
7ff11a345000-7ff11a544000 ---p 0000d000 08:02 1064382                    /usr/lib/jvm/java-7-openjdk-amd64/jre/lib/amd64/jli/libjli.so
7ff11a544000-7ff11a545000 r--p 0000c000 08:02 1064382                    /usr/lib/jvm/java-7-openjdk-amd64/jre/lib/amd64/jli/libjli.so
7ff11a545000-7ff11a546000 rw-p 0000d000 08:02 1064382                    /usr/lib/jvm/java-7-openjdk-amd64/jre/lib/amd64/jli/libjli.so
7ff11a546000-7ff11a569000 r-xp 00000000 08:02 1836672                    /lib/x86_64-linux-gnu/ld-2.19.so
7ff11a569000-7ff11a58c000 rw-p 00000000 00:00 0 
7ff11a58c000-7ff11a642000 rw-p 00000000 00:00 0 
7ff11a642000-7ff11a645000 ---p 00000000 00:00 0 
7ff11a645000-7ff11a748000 rw-p 00000000 00:00 0                          [stack:8136]
7ff11a748000-7ff11a74a000 r--s 00012000 08:02 1056188                    /usr/lib/jvm/java-7-openjdk-amd64/jre/lib/ext/zipfs.jar
7ff11a74a000-7ff11a74e000 r--s 00034000 08:02 1056115                    /usr/lib/jvm/java-7-openjdk-amd64/jre/lib/ext/sunjce_provider.jar
7ff11a74e000-7ff11a74f000 r--s 00002000 08:02 1056113                    /usr/lib/jvm/java-7-openjdk-amd64/jre/lib/ext/dnsns.jar
7ff11a74f000-7ff11a753000 r--s 00085000 08:02 1055991                    /usr/lib/jvm/java-7-openjdk-amd64/jre/lib/ext/localedata.jar
7ff11a753000-7ff11a755000 r--s 00006000 08:02 1187583                    /usr/share/java/java-atk-wrapper.jar
7ff11a755000-7ff11a758000 r--s 0000f000 08:02 1056119                    /usr/lib/jvm/java-7-openjdk-amd64/jre/lib/ext/icedtea-sound.jar
7ff11a758000-7ff11a75c000 r--s 0003c000 08:02 1056117                    /usr/lib/jvm/java-7-openjdk-amd64/jre/lib/ext/sunpkcs11.jar
7ff11a75c000-7ff11a764000 rw-s 00000000 08:02 1316146                    /tmp/hsperfdata_manos/8132
7ff11a764000-7ff11a765000 rw-p 00000000 00:00 0 
7ff11a765000-7ff11a766000 ---p 00000000 00:00 0 
7ff11a766000-7ff11a768000 rw-p 00000000 00:00 0 
7ff11a768000-7ff11a769000 r--p 00022000 08:02 1836672                    /lib/x86_64-linux-gnu/ld-2.19.so
7ff11a769000-7ff11a76a000 rw-p 00023000 08:02 1836672                    /lib/x86_64-linux-gnu/ld-2.19.so
7ff11a76a000-7ff11a76b000 rw-p 00000000 00:00 0 
7ffdc5e1d000-7ffdc5e3e000 rw-p 00000000 00:00 0                          [stack]
7ffdc5f1b000-7ffdc5f1d000 r-xp 00000000 00:00 0                          [vdso]
ffffffffff600000-ffffffffff601000 r-xp 00000000 00:00 0                  [vsyscall]

VM Arguments:
jvm_args: -Xmx1024M -Dfile.encoding=UTF-8 -Duser.country=US -Duser.language=en -Duser.variant 
java_command: com.android.dx.command.Main --dex --num-threads=4 --output /home/manos/Projects/ICeePot/software/ICeePotMobile/app/build/intermediates/dex/release /home/manos/Projects/ICeePot/software/ICeePotMobile/app/build/intermediates/classes/release /home/manos/Projects/ICeePot/software/ICeePotMobile/app/build/intermediates/pre-dexed/release/support-annotations-22.2.0-a25cab3f9f8605c583348635193534ee84d91eab.jar /home/manos/Projects/ICeePot/software/ICeePotMobile/app/build/intermediates/pre-dexed/release/ICeePotLib-1.0-9756af7a1eee29e2993847b826efef3f33489b46.jar /home/manos/Projects/ICeePot/software/ICeePotMobile/app/build/intermediates/pre-dexed/release/internal_impl-22.2.0-9b25f28a86ec66e9d6a5ebddab2fe8604d2a0698.jar /home/manos/Projects/ICeePot/software/ICeePotMobile/app/build/intermediates/pre-dexed/release/classes-da23b2fb770c8254bcf528ab6da29e8a41e6b088.jar /home/manos/Projects/ICeePot/software/ICeePotMobile/app/build/intermediates/pre-dexed/release/classes-fa523a6161a472d954261b43b7660c42a80f14fc.jar
Launcher Type: SUN_STANDARD

Environment Variables:
PATH=/usr/local/sbin:/usr/local/bin:/usr/sbin:/usr/bin:/sbin:/bin:/usr/games:/usr/local/games
LD_LIBRARY_PATH=/usr/bin/android-studio/bin:
SHELL=/bin/bash
DISPLAY=:0

Signal Handlers:
SIGSEGV: [libjvm.so+0x94bab0], sa_mask[0]=0x7ffbfeff, sa_flags=0x10000004
SIGBUS: [libjvm.so+0x94bab0], sa_mask[0]=0x7ffbfeff, sa_flags=0x10000004
SIGFPE: [libjvm.so+0x7c38b0], sa_mask[0]=0x7ffbfeff, sa_flags=0x10000004
SIGPIPE: [libjvm.so+0x7c38b0], sa_mask[0]=0x7ffbfeff, sa_flags=0x10000004
SIGXFSZ: [libjvm.so+0x7c38b0], sa_mask[0]=0x7ffbfeff, sa_flags=0x10000004
SIGILL: [libjvm.so+0x7c38b0], sa_mask[0]=0x7ffbfeff, sa_flags=0x10000004
SIGUSR1: SIG_DFL, sa_mask[0]=0x00000000, sa_flags=0x00000000
SIGUSR2: [libjvm.so+0x7c3750], sa_mask[0]=0x00000004, sa_flags=0x10000004
SIGHUP: [libjvm.so+0x7c3930], sa_mask[0]=0x7ffbfeff, sa_flags=0x10000004
SIGINT: [libjvm.so+0x7c3930], sa_mask[0]=0x7ffbfeff, sa_flags=0x10000004
SIGTERM: [libjvm.so+0x7c3930], sa_mask[0]=0x7ffbfeff, sa_flags=0x10000004
SIGQUIT: [libjvm.so+0x7c3930], sa_mask[0]=0x7ffbfeff, sa_flags=0x10000004
SIGTRAP: SIG_DFL, sa_mask[0]=0x00000000, sa_flags=0x00000000


---------------  S Y S T E M  ---------------

OS:Ubuntu 14.04 (trusty)
uname:Linux 3.13.0-63-generic #103-Ubuntu SMP Fri Aug 14 21:42:59 UTC 2015 x86_64
libc:glibc 2.19 NPTL 2.19 
rlimit: STACK 8192k, CORE 0k, NPROC 31320, NOFILE 4096, AS infinity
load average:4,44 2,32 1,50

/proc/meminfo:
MemTotal:        4038876 kB
MemFree:           93404 kB
Buffers:             108 kB
Cached:           213980 kB
SwapCached:            0 kB
Active:          3581984 kB
Inactive:         208452 kB
Active(anon):    3581136 kB
Inactive(anon):   201392 kB
Active(file):        848 kB
Inactive(file):     7060 kB
Unevictable:          64 kB
Mlocked:              64 kB
SwapTotal:             0 kB
SwapFree:              0 kB
Dirty:                40 kB
Writeback:           144 kB
AnonPages:       3576796 kB
Mapped:            64392 kB
Shmem:            205796 kB
Slab:              60124 kB
SReclaimable:      25044 kB
SUnreclaim:        35080 kB
KernelStack:        4936 kB
PageTables:        39760 kB
NFS_Unstable:          0 kB
Bounce:                0 kB
WritebackTmp:          0 kB
CommitLimit:     2019436 kB
Committed_AS:    7357468 kB
VmallocTotal:   34359738367 kB
VmallocUsed:      545344 kB
VmallocChunk:   34359187276 kB
HardwareCorrupted:     0 kB
AnonHugePages:    954368 kB
HugePages_Total:       0
HugePages_Free:        0
HugePages_Rsvd:        0
HugePages_Surp:        0
Hugepagesize:       2048 kB
DirectMap4k:       68416 kB
DirectMap2M:     4116480 kB


CPU:total 2 (2 cores per cpu, 1 threads per core) family 6 model 15 stepping 13, cmov, cx8, fxsr, mmx, sse, sse2, sse3, ssse3, tsc

/proc/cpuinfo:
processor	: 0
vendor_id	: GenuineIntel
cpu family	: 6
model		: 15
model name	: Intel(R) Core(TM)2 Duo CPU     T5250  @ 1.50GHz
stepping	: 13
microcode	: 0xa1
cpu MHz		: 1500.000
cache size	: 2048 KB
physical id	: 0
siblings	: 2
core id		: 0
cpu cores	: 2
apicid		: 0
initial apicid	: 0
fpu		: yes
fpu_exception	: yes
cpuid level	: 10
wp		: yes
flags		: fpu vme de pse tsc msr pae mce cx8 apic sep mtrr pge mca cmov pat pse36 clflush dts acpi mmx fxsr sse sse2 ss ht tm pbe syscall nx lm constant_tsc arch_perfmon pebs bts rep_good nopl aperfmperf pni dtes64 monitor ds_cpl est tm2 ssse3 cx16 xtpr pdcm lahf_lm dtherm
bogomips	: 2992.48
clflush size	: 64
cache_alignment	: 64
address sizes	: 36 bits physical, 48 bits virtual
power management:

processor	: 1
vendor_id	: GenuineIntel
cpu family	: 6
model		: 15
model name	: Intel(R) Core(TM)2 Duo CPU     T5250  @ 1.50GHz
stepping	: 13
microcode	: 0xa1
cpu MHz		: 1500.000
cache size	: 2048 KB
physical id	: 0
siblings	: 2
core id		: 1
cpu cores	: 2
apicid		: 1
initial apicid	: 1
fpu		: yes
fpu_exception	: yes
cpuid level	: 10
wp		: yes
flags		: fpu vme de pse tsc msr pae mce cx8 apic sep mtrr pge mca cmov pat pse36 clflush dts acpi mmx fxsr sse sse2 ss ht tm pbe syscall nx lm constant_tsc arch_perfmon pebs bts rep_good nopl aperfmperf pni dtes64 monitor ds_cpl est tm2 ssse3 cx16 xtpr pdcm lahf_lm dtherm
bogomips	: 2992.48
clflush size	: 64
cache_alignment	: 64
address sizes	: 36 bits physical, 48 bits virtual
power management:



Memory: 4k page, physical 4038876k(88196k free), swap 0k(0k free)

vm_info: OpenJDK 64-Bit Server VM (24.79-b02) for linux-amd64 JRE (1.7.0_79-b14), built on Jul 24 2015 08:15:54 by "buildd" with gcc 4.8.2

time: Sun Sep 27 20:07:38 2015
elapsed time: 7 seconds

